\BOOKMARK [1][-]{section.1}{Enunciado}{}% 1
\BOOKMARK [1][-]{section.2}{Introducci\363n}{}% 2
\BOOKMARK [1][-]{section.3}{Desarrollo}{}% 3
\BOOKMARK [1][-]{section.4}{Resultados}{}% 4
\BOOKMARK [1][-]{section.5}{Conclusiones}{}% 5
\BOOKMARK [1][-]{section.6}{Anexo I}{}% 6
\BOOKMARK [2][-]{subsection.6.1}{Funciones}{section.6}% 7
\BOOKMARK [2][-]{subsection.6.2}{Ejercicio A}{section.6}% 8
\BOOKMARK [2][-]{subsection.6.3}{Ejercicio B}{section.6}% 9
\BOOKMARK [2][-]{subsection.6.4}{Ejercicio C}{section.6}% 10
\BOOKMARK [2][-]{subsection.6.5}{Ejercicio D}{section.6}% 11
\BOOKMARK [2][-]{subsection.6.6}{Ejercicio E}{section.6}% 12
\BOOKMARK [2][-]{subsection.6.7}{Ejercicio F}{section.6}% 13
\BOOKMARK [2][-]{subsection.6.8}{Ejercicio G}{section.6}% 14
\BOOKMARK [1][-]{section.7}{Anexo II}{}% 15
\BOOKMARK [2][-]{subsection.7.1}{Ejercicio A}{section.7}% 16
\BOOKMARK [2][-]{subsection.7.2}{Ejercicio B}{section.7}% 17
\BOOKMARK [2][-]{subsection.7.3}{Ejercicio C}{section.7}% 18
\BOOKMARK [2][-]{subsection.7.4}{Ejercicio D}{section.7}% 19
\BOOKMARK [2][-]{subsection.7.5}{Ejercicio E}{section.7}% 20
\BOOKMARK [2][-]{subsection.7.6}{Ejercicio F}{section.7}% 21
\BOOKMARK [2][-]{subsection.7.7}{Ejercicio G}{section.7}% 22
\BOOKMARK [1][-]{section.8}{Bibliograf\355a}{}% 23
